[16/Jan/2026:08:55:14 +0000] - "GET https://rhc.sonatype.com/rest/component/details/firewall/malicious-risk/enabledRegistries HTTP/1.1" 200 -1 - [quartz-14-thread-15]
[16/Jan/2026:08:55:19 +0000] - "GET https://rhc.sonatype.com/rest/rhc/scan/78bcf4d3-72430f49-210dba3d-3c4696ef-50e06230/maven-central?timestamp=2026-01-16_08%3A55%3A19 HTTP/1.1" 200 60 - [quartz-14-thread-16]
[16/Jan/2026:08:55:20 +0000] - "PUT https://rhc.sonatype.com/rest/rhc/scan/78bcf4d3-72430f49-210dba3d-3c4696ef-50e06230/maven-central?timestamp=2026-01-16_08%3A55%3A19 HTTP/1.1" 200 92 - [quartz-14-thread-16]
[16/Jan/2026:08:55:21 +0000] - "GET https://rhc.sonatype.com/rest/rhc/scan/78bcf4d3-72430f49-210dba3d-3c4696ef-50e06230/nuget.org-proxy?timestamp=2026-01-16_08%3A55%3A20 HTTP/1.1" 200 60 - [quartz-14-thread-17]
[16/Jan/2026:08:55:22 +0000] - "PUT https://rhc.sonatype.com/rest/rhc/scan/78bcf4d3-72430f49-210dba3d-3c4696ef-50e06230/nuget.org-proxy?timestamp=2026-01-16_08%3A55%3A21 HTTP/1.1" 200 92 - [quartz-14-thread-17]
[16/Jan/2026:08:55:31 +0000] - "GET https://rhc.sonatype.com/rest/rhc/scan/78bcf4d3-72430f49-210dba3d-3c4696ef-50e06230/maven-central?timestamp=2026-01-16_08%3A55%3A30 HTTP/1.1" 200 61 - [quartz-14-thread-18]
[16/Jan/2026:08:55:31 +0000] - "GET https://rhc.sonatype.com/rest/rhc/report/78bcf4d3-72430f49-210dba3d-3c4696ef-50e06230/maven-central?timestamp=2026-01-16_08%3A55%3A31 HTTP/1.1" 200 -1 - [quartz-14-thread-18]
[16/Jan/2026:08:55:33 +0000] - "GET https://rhc.sonatype.com/rest/rhc/scan/78bcf4d3-72430f49-210dba3d-3c4696ef-50e06230/nuget.org-proxy?timestamp=2026-01-16_08%3A55%3A33 HTTP/1.1" 200 62 - [quartz-14-thread-19]
[16/Jan/2026:08:55:34 +0000] - "GET https://rhc.sonatype.com/rest/rhc/report/78bcf4d3-72430f49-210dba3d-3c4696ef-50e06230/nuget.org-proxy?timestamp=2026-01-16_08%3A55%3A33 HTTP/1.1" 200 -1 - [quartz-14-thread-19]
[16/Jan/2026:08:59:30 +0000] - "GET https://rhc.sonatype.com/rest/rhc/scan/78bcf4d3-72430f49-210dba3d-3c4696ef-50e06230/maven-central?timestamp=2026-01-16_08%3A59%3A29 HTTP/1.1" 200 64 - [quartz-14-thread-2]
[16/Jan/2026:08:59:31 +0000] - "GET https://rhc.sonatype.com/rest/rhc/scan/78bcf4d3-72430f49-210dba3d-3c4696ef-50e06230/nuget.org-proxy?timestamp=2026-01-16_08%3A59%3A30 HTTP/1.1" 200 64 - [quartz-14-thread-3]
[16/Jan/2026:08:59:55 +0000] - "GET https://rhc.sonatype.com/rest/component/details/firewall/malicious-risk/enabledRegistries HTTP/1.1" 200 -1 - [quartz-14-thread-4]
[16/Jan/2026:09:06:30 +0000] - "GET https://rhc.sonatype.com/rest/rhc/scan/78bcf4d3-72430f49-210dba3d-3c4696ef-50e06230/maven-central?timestamp=2026-01-16_09%3A06%3A29 HTTP/1.1" 200 64 - [quartz-14-thread-2]
[16/Jan/2026:09:06:30 +0000] - "GET https://rhc.sonatype.com/rest/rhc/scan/78bcf4d3-72430f49-210dba3d-3c4696ef-50e06230/nuget.org-proxy?timestamp=2026-01-16_09%3A06%3A30 HTTP/1.1" 200 64 - [quartz-14-thread-3]
[16/Jan/2026:09:06:54 +0000] - "GET https://rhc.sonatype.com/rest/component/details/firewall/malicious-risk/enabledRegistries HTTP/1.1" 200 -1 - [quartz-14-thread-4]
[16/Jan/2026:09:19:31 +0000] - "GET https://rhc.sonatype.com/rest/rhc/scan/78bcf4d3-72430f49-210dba3d-3c4696ef-50e06230/maven-central?timestamp=2026-01-16_09%3A19%3A30 HTTP/1.1" 200 65 - [quartz-14-thread-2]
[16/Jan/2026:09:19:31 +0000] - "GET https://rhc.sonatype.com/rest/rhc/scan/78bcf4d3-72430f49-210dba3d-3c4696ef-50e06230/nuget.org-proxy?timestamp=2026-01-16_09%3A19%3A31 HTTP/1.1" 200 65 - [quartz-14-thread-3]
[16/Jan/2026:09:19:55 +0000] - "GET https://rhc.sonatype.com/rest/component/details/firewall/malicious-risk/enabledRegistries HTTP/1.1" 200 -1 - [quartz-14-thread-4]
[16/Jan/2026:10:32:42 +0000] - "GET https://rhc.sonatype.com/rest/rhc/scan/78bcf4d3-72430f49-210dba3d-3c4696ef-50e06230/maven-central?timestamp=2026-01-16_10%3A32%3A41 HTTP/1.1" 200 65 - [quartz-14-thread-2]
[16/Jan/2026:10:32:42 +0000] - "GET https://rhc.sonatype.com/rest/rhc/scan/78bcf4d3-72430f49-210dba3d-3c4696ef-50e06230/nuget.org-proxy?timestamp=2026-01-16_10%3A32%3A42 HTTP/1.1" 200 65 - [quartz-14-thread-3]
[16/Jan/2026:10:33:06 +0000] - "GET https://rhc.sonatype.com/rest/component/details/firewall/malicious-risk/enabledRegistries HTTP/1.1" 200 -1 - [quartz-14-thread-4]
[16/Jan/2026:10:34:42 +0000] - "GET https://rhc.sonatype.com/rest/rhc/scan/78bcf4d3-72430f49-210dba3d-3c4696ef-50e06230/maven-central?timestamp=2026-01-16_10%3A34%3A42 HTTP/1.1" 200 65 - [quartz-14-thread-2]
[16/Jan/2026:10:34:43 +0000] - "GET https://rhc.sonatype.com/rest/rhc/scan/78bcf4d3-72430f49-210dba3d-3c4696ef-50e06230/nuget.org-proxy?timestamp=2026-01-16_10%3A34%3A43 HTTP/1.1" 200 65 - [quartz-14-thread-3]
[16/Jan/2026:10:35:07 +0000] - "GET https://rhc.sonatype.com/rest/component/details/firewall/malicious-risk/enabledRegistries HTTP/1.1" 200 -1 - [quartz-14-thread-4]
