2026-01-16 08:54:44,008+0000 INFO  [quartz-14-thread-8]  *TASK org.sonatype.nexus.repository.content.tasks.normalize.NormalizeComponentVersionTask - Task information:
2026-01-16 08:54:44,012+0000 INFO  [quartz-14-thread-8]  *TASK org.sonatype.nexus.repository.content.tasks.normalize.NormalizeComponentVersionTask -  ID: bb7e26be-3744-4bd3-95a1-6f34ea0b1b8e
2026-01-16 08:54:44,012+0000 INFO  [quartz-14-thread-8]  *TASK org.sonatype.nexus.repository.content.tasks.normalize.NormalizeComponentVersionTask -  Type: component.normalize.version
2026-01-16 08:54:44,013+0000 INFO  [quartz-14-thread-8]  *TASK org.sonatype.nexus.repository.content.tasks.normalize.NormalizeComponentVersionTask -  Name: Repair - Normalize component versions for retain-n
2026-01-16 08:54:44,013+0000 INFO  [quartz-14-thread-8]  *TASK org.sonatype.nexus.repository.content.tasks.normalize.NormalizeComponentVersionTask -  Description: populate normalized_version column on {format}_component tables
2026-01-16 08:54:44,013+0000 INFO  [quartz-14-thread-8]  *TASK org.sonatype.nexus.repository.content.tasks.normalize.NormalizeComponentVersionTask - Task configuration: {.updated=2026-01-16T08:54:43.995Z, .name=Repair - Normalize component versions for retain-n, .recoverable=false, .message=populate normalized_version column on {format}_component tables, .id=bb7e26be-3744-4bd3-95a1-6f34ea0b1b8e, .typeName=Repair - Normalize component versions for retain-n, .visible=false, .typeId=component.normalize.version, .exposed=false, .created=2026-01-16T08:54:43.995Z}
2026-01-16 08:54:44,015+0000 INFO  [quartz-14-thread-8]  *TASK org.sonatype.nexus.repository.content.tasks.normalize.NormalizeComponentVersionTask - normalizing cocoapods components version
2026-01-16 08:54:44,019+0000 INFO  [quartz-14-thread-8]  *TASK org.sonatype.nexus.repository.content.tasks.normalize.NormalizeComponentVersionTask - found 0 unnormalized records on cocoapods components
2026-01-16 08:54:44,022+0000 INFO  [quartz-14-thread-8]  *TASK org.sonatype.nexus.repository.content.tasks.normalize.NormalizeComponentVersionTask - normalizing p2 components version
2026-01-16 08:54:44,024+0000 INFO  [quartz-14-thread-8]  *TASK org.sonatype.nexus.repository.content.tasks.normalize.NormalizeComponentVersionTask - found 0 unnormalized records on p2 components
2026-01-16 08:54:44,025+0000 INFO  [quartz-14-thread-8]  *TASK org.sonatype.nexus.repository.content.tasks.normalize.NormalizeComponentVersionTask - normalizing apt components version
2026-01-16 08:54:44,028+0000 INFO  [quartz-14-thread-8]  *TASK org.sonatype.nexus.repository.content.tasks.normalize.NormalizeComponentVersionTask - found 0 unnormalized records on apt components
2026-01-16 08:54:44,029+0000 INFO  [quartz-14-thread-8]  *TASK org.sonatype.nexus.repository.content.tasks.normalize.NormalizeComponentVersionTask - normalizing gitlfs components version
2026-01-16 08:54:44,031+0000 INFO  [quartz-14-thread-8]  *TASK org.sonatype.nexus.repository.content.tasks.normalize.NormalizeComponentVersionTask - found 0 unnormalized records on gitlfs components
2026-01-16 08:54:44,032+0000 INFO  [quartz-14-thread-8]  *TASK org.sonatype.nexus.repository.content.tasks.normalize.NormalizeComponentVersionTask - normalizing composer components version
2026-01-16 08:54:44,034+0000 INFO  [quartz-14-thread-8]  *TASK org.sonatype.nexus.repository.content.tasks.normalize.NormalizeComponentVersionTask - found 0 unnormalized records on composer components
2026-01-16 08:54:44,036+0000 INFO  [quartz-14-thread-8]  *TASK org.sonatype.nexus.repository.content.tasks.normalize.NormalizeComponentVersionTask - normalizing conan components version
2026-01-16 08:54:44,039+0000 INFO  [quartz-14-thread-8]  *TASK org.sonatype.nexus.repository.content.tasks.normalize.NormalizeComponentVersionTask - found 0 unnormalized records on conan components
2026-01-16 08:54:44,040+0000 INFO  [quartz-14-thread-8]  *TASK org.sonatype.nexus.repository.content.tasks.normalize.NormalizeComponentVersionTask - normalizing go components version
2026-01-16 08:54:44,043+0000 INFO  [quartz-14-thread-8]  *TASK org.sonatype.nexus.repository.content.tasks.normalize.NormalizeComponentVersionTask - found 0 unnormalized records on go components
2026-01-16 08:54:44,044+0000 INFO  [quartz-14-thread-8]  *TASK org.sonatype.nexus.repository.content.tasks.normalize.NormalizeComponentVersionTask - normalizing maven2 components version
2026-01-16 08:54:44,047+0000 INFO  [quartz-14-thread-8]  *TASK org.sonatype.nexus.repository.content.tasks.normalize.NormalizeComponentVersionTask - found 0 unnormalized records on maven2 components
2026-01-16 08:54:44,048+0000 INFO  [quartz-14-thread-8]  *TASK org.sonatype.nexus.repository.content.tasks.normalize.NormalizeComponentVersionTask - normalizing raw components version
2026-01-16 08:54:44,050+0000 INFO  [quartz-14-thread-8]  *TASK org.sonatype.nexus.repository.content.tasks.normalize.NormalizeComponentVersionTask - found 0 unnormalized records on raw components
2026-01-16 08:54:44,052+0000 INFO  [quartz-14-thread-8]  *TASK org.sonatype.nexus.repository.content.tasks.normalize.NormalizeComponentVersionTask - normalizing npm components version
2026-01-16 08:54:44,054+0000 INFO  [quartz-14-thread-8]  *TASK org.sonatype.nexus.repository.content.tasks.normalize.NormalizeComponentVersionTask - found 0 unnormalized records on npm components
2026-01-16 08:54:44,055+0000 INFO  [quartz-14-thread-8]  *TASK org.sonatype.nexus.repository.content.tasks.normalize.NormalizeComponentVersionTask - normalizing huggingface components version
2026-01-16 08:54:44,057+0000 INFO  [quartz-14-thread-8]  *TASK org.sonatype.nexus.repository.content.tasks.normalize.NormalizeComponentVersionTask - found 0 unnormalized records on huggingface components
2026-01-16 08:54:44,058+0000 INFO  [quartz-14-thread-8]  *TASK org.sonatype.nexus.repository.content.tasks.normalize.NormalizeComponentVersionTask - normalizing nuget components version
2026-01-16 08:54:44,061+0000 INFO  [quartz-14-thread-8]  *TASK org.sonatype.nexus.repository.content.tasks.normalize.NormalizeComponentVersionTask - found 0 unnormalized records on nuget components
2026-01-16 08:54:44,062+0000 INFO  [quartz-14-thread-8]  *TASK org.sonatype.nexus.repository.content.tasks.normalize.NormalizeComponentVersionTask - normalizing rubygems components version
2026-01-16 08:54:44,064+0000 INFO  [quartz-14-thread-8]  *TASK org.sonatype.nexus.repository.content.tasks.normalize.NormalizeComponentVersionTask - found 0 unnormalized records on rubygems components
2026-01-16 08:54:44,065+0000 INFO  [quartz-14-thread-8]  *TASK org.sonatype.nexus.repository.content.tasks.normalize.NormalizeComponentVersionTask - normalizing helm components version
2026-01-16 08:54:44,068+0000 INFO  [quartz-14-thread-8]  *TASK org.sonatype.nexus.repository.content.tasks.normalize.NormalizeComponentVersionTask - found 0 unnormalized records on helm components
2026-01-16 08:54:44,069+0000 INFO  [quartz-14-thread-8]  *TASK org.sonatype.nexus.repository.content.tasks.normalize.NormalizeComponentVersionTask - normalizing docker components version
2026-01-16 08:54:44,071+0000 INFO  [quartz-14-thread-8]  *TASK org.sonatype.nexus.repository.content.tasks.normalize.NormalizeComponentVersionTask - found 0 unnormalized records on docker components
2026-01-16 08:54:44,072+0000 INFO  [quartz-14-thread-8]  *TASK org.sonatype.nexus.repository.content.tasks.normalize.NormalizeComponentVersionTask - normalizing yum components version
2026-01-16 08:54:44,074+0000 INFO  [quartz-14-thread-8]  *TASK org.sonatype.nexus.repository.content.tasks.normalize.NormalizeComponentVersionTask - found 0 unnormalized records on yum components
2026-01-16 08:54:44,075+0000 INFO  [quartz-14-thread-8]  *TASK org.sonatype.nexus.repository.content.tasks.normalize.NormalizeComponentVersionTask - normalizing r components version
2026-01-16 08:54:44,077+0000 INFO  [quartz-14-thread-8]  *TASK org.sonatype.nexus.repository.content.tasks.normalize.NormalizeComponentVersionTask - found 0 unnormalized records on r components
2026-01-16 08:54:44,078+0000 INFO  [quartz-14-thread-8]  *TASK org.sonatype.nexus.repository.content.tasks.normalize.NormalizeComponentVersionTask - normalizing pypi components version
2026-01-16 08:54:44,080+0000 INFO  [quartz-14-thread-8]  *TASK org.sonatype.nexus.repository.content.tasks.normalize.NormalizeComponentVersionTask - found 0 unnormalized records on pypi components
2026-01-16 08:54:44,081+0000 INFO  [quartz-14-thread-8]  *TASK org.sonatype.nexus.repository.content.tasks.normalize.NormalizeComponentVersionTask - normalizing conda components version
2026-01-16 08:54:44,083+0000 INFO  [quartz-14-thread-8]  *TASK org.sonatype.nexus.repository.content.tasks.normalize.NormalizeComponentVersionTask - found 0 unnormalized records on conda components
2026-01-16 08:54:44,085+0000 INFO  [quartz-14-thread-8]  *TASK org.sonatype.nexus.repository.content.tasks.normalize.NormalizeComponentVersionTask - normalizing cargo components version
2026-01-16 08:54:44,087+0000 INFO  [quartz-14-thread-8]  *TASK org.sonatype.nexus.repository.content.tasks.normalize.NormalizeComponentVersionTask - found 0 unnormalized records on cargo components
2026-01-16 08:54:44,088+0000 INFO  [quartz-14-thread-8]  *TASK org.sonatype.nexus.repository.content.tasks.normalize.NormalizeComponentVersionTask - Task complete
