2026-01-16 08:54:43,760+0000 INFO  [quartz-14-thread-4]  *TASK org.sonatype.nexus.repository.content.tasks.CreateComponentIndexTask - Task information:
2026-01-16 08:54:43,764+0000 INFO  [quartz-14-thread-4]  *TASK org.sonatype.nexus.repository.content.tasks.CreateComponentIndexTask -  ID: 059f2ddf-581b-4c65-8aa9-577c83d93d3a
2026-01-16 08:54:43,767+0000 INFO  [quartz-14-thread-4]  *TASK org.sonatype.nexus.repository.content.tasks.CreateComponentIndexTask -  Type: create.component.index.task
2026-01-16 08:54:43,768+0000 INFO  [quartz-14-thread-4]  *TASK org.sonatype.nexus.repository.content.tasks.CreateComponentIndexTask -  Name: Repair - Recreate component indexes for performance
2026-01-16 08:54:43,793+0000 INFO  [quartz-14-thread-4]  *TASK org.sonatype.nexus.repository.content.tasks.CreateComponentIndexTask -  Description: Create new indexes for querying the various format component tables by full coordinates
2026-01-16 08:54:43,794+0000 INFO  [quartz-14-thread-4]  *TASK org.sonatype.nexus.repository.content.tasks.CreateComponentIndexTask - Task configuration: {.updated=2026-01-16T08:54:43.742Z, .name=Repair - Recreate component indexes for performance, .recoverable=false, .message=Create new indexes for querying the various format component tables by full coordinates, .id=059f2ddf-581b-4c65-8aa9-577c83d93d3a, .typeName=Repair - Recreate component indexes for performance, .visible=false, .typeId=create.component.index.task, .exposed=false, .created=2026-01-16T08:54:43.742Z}
2026-01-16 08:54:43,796+0000 INFO  [quartz-14-thread-4]  *TASK org.sonatype.nexus.repository.content.tasks.CreateComponentIndexService - Recreating component coordinate index for format: apt.  0% done
2026-01-16 08:54:43,797+0000 INFO  [quartz-14-thread-4]  *TASK org.sonatype.nexus.repository.content.tasks.CreateComponentIndexService - Recreating component coordinate index for format: maven2.  5% done
2026-01-16 08:54:43,798+0000 INFO  [quartz-14-thread-4]  *TASK org.sonatype.nexus.repository.content.tasks.CreateComponentIndexService - Recreating component coordinate index for format: raw.  10% done
2026-01-16 08:54:43,798+0000 INFO  [quartz-14-thread-4]  *TASK org.sonatype.nexus.repository.content.tasks.CreateComponentIndexService - Recreating component coordinate index for format: docker.  15% done
2026-01-16 08:54:43,799+0000 INFO  [quartz-14-thread-4]  *TASK org.sonatype.nexus.repository.content.tasks.CreateComponentIndexService - Recreating component coordinate index for format: gitlfs.  20% done
2026-01-16 08:54:43,800+0000 INFO  [quartz-14-thread-4]  *TASK org.sonatype.nexus.repository.content.tasks.CreateComponentIndexService - Recreating component coordinate index for format: rubygems.  25% done
2026-01-16 08:54:43,800+0000 INFO  [quartz-14-thread-4]  *TASK org.sonatype.nexus.repository.content.tasks.CreateComponentIndexService - Recreating component coordinate index for format: yum.  30% done
2026-01-16 08:54:43,801+0000 INFO  [quartz-14-thread-4]  *TASK org.sonatype.nexus.repository.content.tasks.CreateComponentIndexService - Recreating component coordinate index for format: cargo.  35% done
2026-01-16 08:54:43,802+0000 INFO  [quartz-14-thread-4]  *TASK org.sonatype.nexus.repository.content.tasks.CreateComponentIndexService - Recreating component coordinate index for format: cocoapods.  40% done
2026-01-16 08:54:43,803+0000 INFO  [quartz-14-thread-4]  *TASK org.sonatype.nexus.repository.content.tasks.CreateComponentIndexService - Recreating component coordinate index for format: composer.  45% done
2026-01-16 08:54:43,804+0000 INFO  [quartz-14-thread-4]  *TASK org.sonatype.nexus.repository.content.tasks.CreateComponentIndexService - Recreating component coordinate index for format: conan.  50% done
2026-01-16 08:54:43,804+0000 INFO  [quartz-14-thread-4]  *TASK org.sonatype.nexus.repository.content.tasks.CreateComponentIndexService - Recreating component coordinate index for format: conda.  55% done
2026-01-16 08:54:43,805+0000 INFO  [quartz-14-thread-4]  *TASK org.sonatype.nexus.repository.content.tasks.CreateComponentIndexService - Recreating component coordinate index for format: go.  60% done
2026-01-16 08:54:43,806+0000 INFO  [quartz-14-thread-4]  *TASK org.sonatype.nexus.repository.content.tasks.CreateComponentIndexService - Recreating component coordinate index for format: helm.  65% done
2026-01-16 08:54:43,806+0000 INFO  [quartz-14-thread-4]  *TASK org.sonatype.nexus.repository.content.tasks.CreateComponentIndexService - Recreating component coordinate index for format: huggingface.  70% done
2026-01-16 08:54:43,807+0000 INFO  [quartz-14-thread-4]  *TASK org.sonatype.nexus.repository.content.tasks.CreateComponentIndexService - Recreating component coordinate index for format: npm.  75% done
2026-01-16 08:54:43,808+0000 INFO  [quartz-14-thread-4]  *TASK org.sonatype.nexus.repository.content.tasks.CreateComponentIndexService - Recreating component coordinate index for format: nuget.  80% done
2026-01-16 08:54:43,808+0000 INFO  [quartz-14-thread-4]  *TASK org.sonatype.nexus.repository.content.tasks.CreateComponentIndexService - Recreating component coordinate index for format: p2.  85% done
2026-01-16 08:54:43,809+0000 INFO  [quartz-14-thread-4]  *TASK org.sonatype.nexus.repository.content.tasks.CreateComponentIndexService - Recreating component coordinate index for format: pypi.  90% done
2026-01-16 08:54:43,810+0000 INFO  [quartz-14-thread-4]  *TASK org.sonatype.nexus.repository.content.tasks.CreateComponentIndexService - Recreating component coordinate index for format: r.  95% done
2026-01-16 08:54:43,810+0000 INFO  [quartz-14-thread-4]  *TASK org.sonatype.nexus.repository.content.tasks.CreateComponentIndexService - Recreating component coordinate index for all formats.  100% done
2026-01-16 08:54:43,811+0000 INFO  [quartz-14-thread-4]  *TASK org.sonatype.nexus.repository.content.tasks.CreateComponentIndexTask - Task complete
