2026-01-16 08:54:43,864+0000 INFO  [quartz-14-thread-6]  *TASK org.sonatype.nexus.repository.content.tasks.CreateAssetBlobIndexTask - Task information:
2026-01-16 08:54:43,870+0000 INFO  [quartz-14-thread-6]  *TASK org.sonatype.nexus.repository.content.tasks.CreateAssetBlobIndexTask -  ID: b8577816-5dd2-4d27-a573-6f1d66dae42c
2026-01-16 08:54:43,870+0000 INFO  [quartz-14-thread-6]  *TASK org.sonatype.nexus.repository.content.tasks.CreateAssetBlobIndexTask -  Type: repository.asset.blob.index.migration
2026-01-16 08:54:43,871+0000 INFO  [quartz-14-thread-6]  *TASK org.sonatype.nexus.repository.content.tasks.CreateAssetBlobIndexTask -  Name: Create asset blob index for blob_created and asset_blob_id
2026-01-16 08:54:43,872+0000 INFO  [quartz-14-thread-6]  *TASK org.sonatype.nexus.repository.content.tasks.CreateAssetBlobIndexTask -  Description: Creating asset blob indexes for blob_created and asset_blob_id
2026-01-16 08:54:43,873+0000 INFO  [quartz-14-thread-6]  *TASK org.sonatype.nexus.repository.content.tasks.CreateAssetBlobIndexTask - Task configuration: {.updated=2026-01-16T08:54:43.850Z, .name=Create asset blob index for blob_created and asset_blob_id, .recoverable=true, .message=Creating asset blob indexes for blob_created and asset_blob_id, .id=b8577816-5dd2-4d27-a573-6f1d66dae42c, .typeName=Create asset blob index for blob_created and asset_blob_id, .visible=true, .typeId=repository.asset.blob.index.migration, .exposed=false, .created=2026-01-16T08:54:43.850Z}
2026-01-16 08:54:43,879+0000 INFO  [quartz-14-thread-6]  *TASK org.sonatype.nexus.repository.content.tasks.CreateAssetBlobIndexTask - Created index idx_apt_asset_blob_blob_created_asset_id on table apt_asset_blob
2026-01-16 08:54:43,883+0000 INFO  [quartz-14-thread-6]  *TASK org.sonatype.nexus.repository.content.tasks.CreateAssetBlobIndexTask - Created index idx_maven2_asset_blob_blob_created_asset_id on table maven2_asset_blob
2026-01-16 08:54:43,886+0000 INFO  [quartz-14-thread-6]  *TASK org.sonatype.nexus.repository.content.tasks.CreateAssetBlobIndexTask - Created index idx_raw_asset_blob_blob_created_asset_id on table raw_asset_blob
2026-01-16 08:54:43,891+0000 INFO  [quartz-14-thread-6]  *TASK org.sonatype.nexus.repository.content.tasks.CreateAssetBlobIndexTask - Created index idx_docker_asset_blob_blob_created_asset_id on table docker_asset_blob
2026-01-16 08:54:43,895+0000 INFO  [quartz-14-thread-6]  *TASK org.sonatype.nexus.repository.content.tasks.CreateAssetBlobIndexTask - Created index idx_gitlfs_asset_blob_blob_created_asset_id on table gitlfs_asset_blob
2026-01-16 08:54:43,900+0000 INFO  [quartz-14-thread-6]  *TASK org.sonatype.nexus.repository.content.tasks.CreateAssetBlobIndexTask - Created index idx_rubygems_asset_blob_blob_created_asset_id on table rubygems_asset_blob
2026-01-16 08:54:43,904+0000 INFO  [quartz-14-thread-6]  *TASK org.sonatype.nexus.repository.content.tasks.CreateAssetBlobIndexTask - Created index idx_yum_asset_blob_blob_created_asset_id on table yum_asset_blob
2026-01-16 08:54:43,907+0000 INFO  [quartz-14-thread-6]  *TASK org.sonatype.nexus.repository.content.tasks.CreateAssetBlobIndexTask - Created index idx_cargo_asset_blob_blob_created_asset_id on table cargo_asset_blob
2026-01-16 08:54:43,911+0000 INFO  [quartz-14-thread-6]  *TASK org.sonatype.nexus.repository.content.tasks.CreateAssetBlobIndexTask - Created index idx_cocoapods_asset_blob_blob_created_asset_id on table cocoapods_asset_blob
2026-01-16 08:54:43,915+0000 INFO  [quartz-14-thread-6]  *TASK org.sonatype.nexus.repository.content.tasks.CreateAssetBlobIndexTask - Created index idx_composer_asset_blob_blob_created_asset_id on table composer_asset_blob
2026-01-16 08:54:43,918+0000 INFO  [quartz-14-thread-6]  *TASK org.sonatype.nexus.repository.content.tasks.CreateAssetBlobIndexTask - Created index idx_conan_asset_blob_blob_created_asset_id on table conan_asset_blob
2026-01-16 08:54:43,922+0000 INFO  [quartz-14-thread-6]  *TASK org.sonatype.nexus.repository.content.tasks.CreateAssetBlobIndexTask - Created index idx_conda_asset_blob_blob_created_asset_id on table conda_asset_blob
2026-01-16 08:54:43,927+0000 INFO  [quartz-14-thread-6]  *TASK org.sonatype.nexus.repository.content.tasks.CreateAssetBlobIndexTask - Created index idx_go_asset_blob_blob_created_asset_id on table go_asset_blob
2026-01-16 08:54:43,931+0000 INFO  [quartz-14-thread-6]  *TASK org.sonatype.nexus.repository.content.tasks.CreateAssetBlobIndexTask - Created index idx_helm_asset_blob_blob_created_asset_id on table helm_asset_blob
2026-01-16 08:54:43,934+0000 INFO  [quartz-14-thread-6]  *TASK org.sonatype.nexus.repository.content.tasks.CreateAssetBlobIndexTask - Created index idx_huggingface_asset_blob_blob_created_asset_id on table huggingface_asset_blob
2026-01-16 08:54:43,937+0000 INFO  [quartz-14-thread-6]  *TASK org.sonatype.nexus.repository.content.tasks.CreateAssetBlobIndexTask - Created index idx_npm_asset_blob_blob_created_asset_id on table npm_asset_blob
2026-01-16 08:54:43,940+0000 INFO  [quartz-14-thread-6]  *TASK org.sonatype.nexus.repository.content.tasks.CreateAssetBlobIndexTask - Created index idx_nuget_asset_blob_blob_created_asset_id on table nuget_asset_blob
2026-01-16 08:54:43,944+0000 INFO  [quartz-14-thread-6]  *TASK org.sonatype.nexus.repository.content.tasks.CreateAssetBlobIndexTask - Created index idx_p2_asset_blob_blob_created_asset_id on table p2_asset_blob
2026-01-16 08:54:43,948+0000 INFO  [quartz-14-thread-6]  *TASK org.sonatype.nexus.repository.content.tasks.CreateAssetBlobIndexTask - Created index idx_pypi_asset_blob_blob_created_asset_id on table pypi_asset_blob
2026-01-16 08:54:43,952+0000 INFO  [quartz-14-thread-6]  *TASK org.sonatype.nexus.repository.content.tasks.CreateAssetBlobIndexTask - Created index idx_r_asset_blob_blob_created_asset_id on table r_asset_blob
2026-01-16 08:54:43,953+0000 INFO  [quartz-14-thread-6]  *TASK org.sonatype.nexus.repository.content.tasks.CreateAssetBlobIndexTask - Created 20 asset blob indexes
2026-01-16 08:54:43,953+0000 INFO  [quartz-14-thread-6]  *TASK org.sonatype.nexus.repository.content.tasks.CreateAssetBlobIndexTask - Task complete
